processing:  1aci
Input protein contains 1169 atoms 
Adding hydrogens...
	 System  contains 1169 atoms

Largest pairwise distance (diagonal) in protein :
	4.469558245092523 nm 

Builing dodecahedron box with vectors:
 	 Vec3(x=6.469558245092523, y=0.0, z=0.0) nm
 	 Vec3(x=0.0, y=6.469558245092523, z=0.0) nm
 	 Vec3(x=3.2347791225462617, y=3.2347791225462617, z=4.5746685063862635) nm

Adding solvent and neutralizing system with ions...
	 System now contains 18871 atoms

System built in NPT ensemble
Using Platform: CUDA


Energies before minimization:


Total energy:
	 47455801193383.47 kJ/mol 
Energy  - original forces, fg=9: 
	 47455801193383.47 kJ/mol 
Energy - backbone restraints, fg=10: 
	 1.8565060599939898e-07 kJ/mol 
Energy. - sidechain restraints, fg 11: 
	 5.070433517495587e-10 kJ/mol
# of forces:
	8


Energies after minimization:


Total energy:
	 -286362.03450620617 kJ/mol 
Energy  - original forces, fg=9: 
	 -297440.03450620617 kJ/mol 
Energy - backbone restraints, fg=10: 
	 10939.76171875 kJ/mol 
Energy. - sidechain restraints, fg 11: 
	 138.27914428710938 kJ/mol
# of forces:
	8

equil curr time: 0 ps
equil curr time: 1 ps
equil curr time: 1 ps
equil curr time: 2 ps
equil curr time: 2 ps
equil curr time: 2 ps
equil curr time: 3 ps
equil curr time: 3 ps
equil curr time: 4 ps
equil curr time: 4 ps
equil curr time: 5 ps
equil curr time: 5 ps
equil curr time: 6 ps
equil curr time: 6 ps
equil curr time: 7 ps
equil curr time: 7 ps
equil curr time: 8 ps
equil curr time: 8 ps
equil curr time: 9 ps
equil curr time: 10 ps
equil curr time: 10 ps
equil curr time: 11 ps
equil curr time: 11 ps
equil curr time: 12 ps
equil curr time: 12 ps
equil curr time: 13 ps
equil curr time: 13 ps
equil curr time: 14 ps
equil curr time: 14 ps
equil curr time: 15 ps
equil curr time: 15 ps
equil curr time: 16 ps
equil curr time: 16 ps
equil curr time: 17 ps
equil curr time: 17 ps
equil curr time: 18 ps
equil curr time: 18 ps
equil curr time: 19 ps
equil curr time: 19 ps
equil curr time: 19 ps
equil curr time: 20 ps
equil curr time: 20 ps
equil curr time: 21 ps
equil curr time: 21 ps
equil curr time: 22 ps
equil curr time: 22 ps
equil curr time: 23 ps
equil curr time: 23 ps
equil curr time: 24 ps
equil curr time: 24 ps
equil curr time: 25 ps
equil curr time: 25 ps
equil curr time: 26 ps
equil curr time: 26 ps
equil curr time: 27 ps
equil curr time: 27 ps
equil curr time: 28 ps
equil curr time: 28 ps
equil curr time: 29 ps
equil curr time: 29 ps
equil curr time: 30 ps
equil curr time: 30 ps
equil curr time: 31 ps
equil curr time: 31 ps
equil curr time: 32 ps
equil curr time: 32 ps
equil curr time: 33 ps
equil curr time: 33 ps
equil curr time: 34 ps
equil curr time: 34 ps
equil curr time: 35 ps
equil curr time: 35 ps
equil curr time: 36 ps
equil curr time: 36 ps
equil curr time: 37 ps
equil curr time: 38 ps
equil curr time: 38 ps
equil curr time: 39 ps
equil curr time: 39 ps
equil curr time: 40 ps
equil curr time: 40 ps
equil curr time: 41 ps
equil curr time: 41 ps
equil curr time: 42 ps
equil curr time: 42 ps
equil curr time: 43 ps
equil curr time: 43 ps
equil curr time: 44 ps
equil curr time: 44 ps
equil curr time: 45 ps
equil curr time: 45 ps
equil curr time: 46 ps
equil curr time: 46 ps
equil curr time: 47 ps
equil curr time: 47 ps
equil curr time: 48 ps
equil curr time: 48 ps
equil curr time: 49 ps
equil curr time: 49 ps
equil curr time: 50 ps
equil curr time: 50 ps
equil curr time: 51 ps
equil curr time: 51 ps
equil curr time: 52 ps
equil curr time: 52 ps
equil curr time: 53 ps
equil curr time: 53 ps
equil curr time: 54 ps
equil curr time: 54 ps
equil curr time: 55 ps
equil curr time: 55 ps
equil curr time: 56 ps
equil curr time: 56 ps
equil curr time: 57 ps
equil curr time: 57 ps
equil curr time: 58 ps
equil curr time: 58 ps
equil curr time: 59 ps
equil curr time: 59 ps
equil curr time: 60 ps
equil curr time: 60 ps
equil curr time: 61 ps
equil curr time: 61 ps
equil curr time: 62 ps
equil curr time: 62 ps
equil curr time: 63 ps
equil curr time: 63 ps
equil curr time: 64 ps
equil curr time: 64 ps
equil curr time: 65 ps
equil curr time: 65 ps
equil curr time: 66 ps
equil curr time: 66 ps
equil curr time: 67 ps
equil curr time: 67 ps
equil curr time: 68 ps
equil curr time: 68 ps
equil curr time: 69 ps
equil curr time: 69 ps
equil curr time: 70 ps
equil curr time: 70 ps
equil curr time: 71 ps
equil curr time: 71 ps
equil curr time: 72 ps
equil curr time: 72 ps
equil curr time: 73 ps
equil curr time: 73 ps
equil curr time: 74 ps
equil curr time: 74 ps
equil curr time: 75 ps
equil curr time: 75 ps
equil curr time: 76 ps
equil curr time: 76 ps
equil curr time: 77 ps
equil curr time: 77 ps
equil curr time: 77 ps
equil curr time: 78 ps
equil curr time: 78 ps
equil curr time: 79 ps
equil curr time: 79 ps
equil curr time: 80 ps
equil curr time: 80 ps
equil curr time: 81 ps
equil curr time: 81 ps
equil curr time: 82 ps
equil curr time: 82 ps
equil curr time: 83 ps
equil curr time: 83 ps
equil curr time: 84 ps
equil curr time: 84 ps
equil curr time: 85 ps
equil curr time: 85 ps
equil curr time: 86 ps
equil curr time: 86 ps
equil curr time: 87 ps
equil curr time: 87 ps
equil curr time: 88 ps
equil curr time: 88 ps
equil curr time: 89 ps
equil curr time: 89 ps
equil curr time: 90 ps
equil curr time: 90 ps
equil curr time: 91 ps
equil curr time: 91 ps
equil curr time: 92 ps
equil curr time: 92 ps
equil curr time: 93 ps
equil curr time: 93 ps
equil curr time: 94 ps
equil curr time: 94 ps
equil curr time: 95 ps
equil curr time: 95 ps
equil curr time: 96 ps
equil curr time: 96 ps
equil curr time: 97 ps
equil curr time: 97 ps
equil curr time: 98 ps
equil curr time: 98 ps
equil curr time: 99 ps
equil curr time: 99 ps
equil curr time: 100 ps
equil curr time: 100 ps
equil curr time: 101 ps
equil curr time: 101 ps
equil curr time: 102 ps
equil curr time: 102 ps
equil curr time: 103 ps
equil curr time: 103 ps
equil curr time: 104 ps
equil curr time: 104 ps
equil curr time: 105 ps
equil curr time: 105 ps
equil curr time: 106 ps
equil curr time: 106 ps
equil curr time: 107 ps
equil curr time: 107 ps
equil curr time: 108 ps
equil curr time: 108 ps
equil curr time: 109 ps
equil curr time: 109 ps
equil curr time: 110 ps
equil curr time: 110 ps
equil curr time: 111 ps
equil curr time: 111 ps
equil curr time: 112 ps
equil curr time: 112 ps
equil curr time: 113 ps
equil curr time: 113 ps
equil curr time: 114 ps
equil curr time: 114 ps
equil curr time: 115 ps
equil curr time: 115 ps
equil curr time: 116 ps
equil curr time: 116 ps
equil curr time: 117 ps
equil curr time: 117 ps
equil curr time: 118 ps
equil curr time: 118 ps
equil curr time: 119 ps
equil curr time: 119 ps
equil curr time: 120 ps
equil curr time: 120 ps
equil curr time: 121 ps
equil curr time: 121 ps
equil curr time: 122 ps
equil curr time: 122 ps
equil curr time: 123 ps
equil curr time: 123 ps
equil curr time: 124 ps
equil curr time: 124 ps
equil curr time: 125 ps
equil curr time: 125 ps
equil curr time: 126 ps
equil curr time: 126 ps
equil curr time: 127 ps
equil curr time: 127 ps
equil curr time: 128 ps
equil curr time: 128 ps
equil curr time: 129 ps
equil curr time: 129 ps
equil curr time: 130 ps
equil curr time: 130 ps
equil curr time: 131 ps
equil curr time: 131 ps
equil curr time: 132 ps
equil curr time: 132 ps
equil curr time: 133 ps
equil curr time: 133 ps
equil curr time: 134 ps
equil curr time: 134 ps
equil curr time: 135 ps
equil curr time: 135 ps
equil curr time: 136 ps
equil curr time: 136 ps
equil curr time: 137 ps
equil curr time: 137 ps
equil curr time: 138 ps
equil curr time: 138 ps
equil curr time: 139 ps
equil curr time: 139 ps
equil curr time: 140 ps
equil curr time: 140 ps
equil curr time: 141 ps
equil curr time: 141 ps
equil curr time: 142 ps
equil curr time: 142 ps
equil curr time: 143 ps
equil curr time: 143 ps
equil curr time: 144 ps
equil curr time: 144 ps
equil curr time: 145 ps
equil curr time: 145 ps
equil curr time: 146 ps
equil curr time: 146 ps
equil curr time: 147 ps
equil curr time: 147 ps
equil curr time: 148 ps
equil curr time: 148 ps
equil curr time: 149 ps
equil curr time: 149 ps
equil curr time: 150 ps
equil curr time: 150 ps
equil curr time: 151 ps
equil curr time: 151 ps
equil curr time: 152 ps
equil curr time: 153 ps
equil curr time: 153 ps
equil curr time: 154 ps
equil curr time: 154 ps
equil curr time: 155 ps
equil curr time: 155 ps
equil curr time: 156 ps
equil curr time: 156 ps
equil curr time: 157 ps
equil curr time: 157 ps
equil curr time: 158 ps
equil curr time: 158 ps
equil curr time: 159 ps
equil curr time: 159 ps
equil curr time: 160 ps
equil curr time: 160 ps
equil curr time: 161 ps
equil curr time: 161 ps
equil curr time: 162 ps
equil curr time: 162 ps
equil curr time: 163 ps
equil curr time: 163 ps
equil curr time: 164 ps
equil curr time: 164 ps
equil curr time: 165 ps
equil curr time: 165 ps
equil curr time: 166 ps
equil curr time: 166 ps
equil curr time: 167 ps
equil curr time: 167 ps
equil curr time: 168 ps
equil curr time: 168 ps
equil curr time: 169 ps
equil curr time: 169 ps
equil curr time: 170 ps
equil curr time: 170 ps
equil curr time: 171 ps
equil curr time: 171 ps
equil curr time: 172 ps
equil curr time: 172 ps
equil curr time: 173 ps
equil curr time: 173 ps
equil curr time: 174 ps
equil curr time: 174 ps
equil curr time: 175 ps
equil curr time: 175 ps
equil curr time: 176 ps
equil curr time: 176 ps
equil curr time: 177 ps
equil curr time: 177 ps
equil curr time: 178 ps
equil curr time: 178 ps
equil curr time: 179 ps
equil curr time: 179 ps
equil curr time: 180 ps
equil curr time: 180 ps
equil curr time: 181 ps
equil curr time: 181 ps
equil curr time: 182 ps
equil curr time: 182 ps
equil curr time: 183 ps
equil curr time: 183 ps
equil curr time: 184 ps
equil curr time: 184 ps
equil curr time: 185 ps
equil curr time: 185 ps
equil curr time: 186 ps
equil curr time: 186 ps
equil curr time: 187 ps
equil curr time: 187 ps
equil curr time: 188 ps
equil curr time: 188 ps
equil curr time: 189 ps
equil curr time: 189 ps
equil curr time: 190 ps
equil curr time: 190 ps
equil curr time: 191 ps
equil curr time: 191 ps
equil curr time: 192 ps
equil curr time: 192 ps
equil curr time: 193 ps
equil curr time: 193 ps
equil curr time: 194 ps
equil curr time: 194 ps
equil curr time: 195 ps
equil curr time: 195 ps
equil curr time: 196 ps
equil curr time: 196 ps
equil curr time: 197 ps
equil curr time: 197 ps
equil curr time: 198 ps
equil curr time: 198 ps
equil curr time: 199 ps
equil curr time: 199 ps
equil curr time: 200 ps

Protein equilibrated after 200.00000000022686 ps
run time:  1.0317918380101523 mins

 Protein equilibrated  after: 1251.999999984218 ps  
run time took: 293.61055612564087 min
Pdb file saved
OBS! RMSD 3.317078359388864 after equilibration > 3 A
OBS! RMSD 3.317078359388864 after equilibration > 3 A. Protein is discarded! 
