nohup: ignoring input
downloaded 1a45
downloaded 1a92
downloaded 2e83
downloaded 2e8g
downloaded 2e8o
downloaded 2e9h
downloaded 2eap
downloaded 2ebb
downloaded 2ebe
downloaded 2ebu
downloaded 2ec4
downloaded 2ecn
downloaded 2ed8
downloaded 2edg
downloaded 2edm
downloaded 2eec
downloaded 2eef
downloaded 2eg4
downloaded 2egt
downloaded 2egv
downloaded 2ehb
downloaded 2ehg
downloaded 2ei9
downloaded 2ejq
downloaded 2ekf
downloaded 2eki
downloaded 2ekm
downloaded 2eo2
downloaded 2ep8
downloaded 2epa
downloaded 2eq5
downloaded 2eqp
downloaded 2eqr
downloaded 2etx
downloaded 2ewl
downloaded 2ey4
downloaded 2eyz
downloaded 2f09
downloaded 2f0c
downloaded 2f15
downloaded 2f33
downloaded 2f40
downloaded 2f4m
downloaded 2f5k
downloaded 2f8a
downloaded 2fao
downloaded 2fbq
downloaded 2fc6
downloaded 2fe3
downloaded 2fft
downloaded 2ffw
downloaded 2fhz
downloaded 2fi0
downloaded 2fi1
downloaded 2fi7
downloaded 2fji
downloaded 2fkg
downloaded 2fki
downloaded 2fl4
downloaded 2fm8
downloaded 2fma
downloaded 2fmc
downloaded 2fmr
downloaded 2fo3
downloaded 2fo8
downloaded 2fp8
downloaded 2fph
downloaded 2fqm
downloaded 2ft0
downloaded 2fuk
downloaded 2fy9
downloaded 2fyx
downloaded 2fz0
downloaded 2fz4
downloaded 2fzv
downloaded 2g0q
downloaded 2g0u
downloaded 2g18
downloaded 2g37
downloaded 2g38
downloaded 2g7j
downloaded 2g9e
downloaded 2gae
downloaded 2gdg
downloaded 2gdq
downloaded 2gfi
downloaded 2gfu
downloaded 2ggo
downloaded 2ggs
downloaded 2ghf
downloaded 2giy
downloaded 2gjh
downloaded 2gju
downloaded 2gjv
downloaded 2gmo
downloaded 2gmw
downloaded 2gom
downloaded 2gpe
downloaded 2gri
downloaded 2gt1
downloaded 2gut
downloaded 2guz
downloaded 2gw6
downloaded 2gwf
downloaded 2gyt
downloaded 2gz4
downloaded 2gzo
downloaded 2h09
downloaded 2h1e
downloaded 2h1y
downloaded 2h3j
downloaded 2h5c
downloaded 2h5f
downloaded 2h5n
downloaded 2hb0
downloaded 2hba
downloaded 2hbp
downloaded 2hbv
downloaded 2hc8
downloaded 2hd9
downloaded 2hdw
downloaded 2hdz
downloaded 2heq
downloaded 2hey
downloaded 2hez
downloaded 2hfv
downloaded 2hg6
downloaded 2hg7
downloaded 2hgk
downloaded 2hhi
downloaded 2hin
downloaded 2hir
downloaded 2hj1
downloaded 2hjd
downloaded 2hji
downloaded 2hjj
downloaded 2hjq
downloaded 2hke
downloaded 2hl7
downloaded 2hm8
downloaded 2hpu
downloaded 2hqy
downloaded 2hra
downloaded 2hsn
downloaded 2htf
downloaded 2htj
downloaded 2hue
downloaded 2hw0
downloaded 2hy5
downloaded 2hy7
downloaded 2hyx
downloaded 2hz8
downloaded 2hzd
downloaded 2hzg
downloaded 2i00
downloaded 2i1o
downloaded 2i4l
downloaded 2i50
downloaded 2i59
downloaded 2i74
downloaded 2i7u
downloaded 2ib0
downloaded 2ida
downloaded 2iec
downloaded 2ife
downloaded 2ifs
downloaded 2ii2
downloaded 2ijq
downloaded 2ike
downloaded 2ilx
downloaded 2ip2
downloaded 2ip6
downloaded 2ipa
downloaded 2it1
downloaded 2ita
downloaded 2iu1
downloaded 2iu5
downloaded 2ium
downloaded 2ivx
downloaded 2iw2
downloaded 2ixs
downloaded 2j22
downloaded 2j5a
downloaded 2j5u
downloaded 2j5z
downloaded 2j6b
downloaded 2j7j
downloaded 2j8i
downloaded 2j9u
downloaded 2ja2
downloaded 2ja4
downloaded 2jbr
downloaded 2jek
downloaded 2jh1
downloaded 2jjs
downloaded 2jlq
downloaded 2jmc
downloaded 2jml
downloaded 2jmo
downloaded 2jmp
downloaded 2jms
downloaded 2jmw
downloaded 2jn4
downloaded 2jn9
downloaded 2jo7
downloaded 2job
downloaded 2joe
downloaded 2jok
downloaded 2jox
downloaded 2jp7
downloaded 2jpe
downloaded 2jpi
downloaded 2jpn
downloaded 2jpt
downloaded 2jq3
downloaded 2jqo
downloaded 2jqq
downloaded 2jqz
downloaded 2jr1
downloaded 2jr6
downloaded 2jrj
downloaded 2jro
downloaded 2jrp
downloaded 2jrr
downloaded 2js9
downloaded 2jsp
downloaded 2jsw
downloaded 2jtv
downloaded 2jtx
downloaded 2ju0
downloaded 2jub
downloaded 2juc
downloaded 2jug
downloaded 2jv4
downloaded 2jv5
downloaded 2jvd
downloaded 2jvl
downloaded 2jvu
downloaded 2jwk
downloaded 2jwp
downloaded 2jye
downloaded 2jys
downloaded 2jz4
downloaded 2jz6
downloaded 2jz7
downloaded 2jz8
downloaded 2jzc
downloaded 2jzj
downloaded 2jzq
downloaded 2k0m
downloaded 2k0s
downloaded 2k1o
downloaded 2k2d
downloaded 2k2w
downloaded 2k37
downloaded 2k3d
downloaded 2k3n
downloaded 2k3o
downloaded 2k3p
downloaded 2k4m
downloaded 2k4q
downloaded 2k4r
downloaded 2k4v
downloaded 2k4x
downloaded 2k54
downloaded 2k57
downloaded 2k5e
downloaded 2k5g
downloaded 2k5i
downloaded 2k5t
downloaded 2k5v
downloaded 2k6l
downloaded 2k6w
downloaded 2k7i
downloaded 2k7v
downloaded 2k85
downloaded 2k88
downloaded 2k8e
downloaded 2k8q
downloaded 2k9h
downloaded 2k9p
downloaded 2k9q
downloaded 2kat
downloaded 2kbz
downloaded 2kc1
downloaded 2kca
downloaded 2kcd
downloaded 2kcm
downloaded 2kco
downloaded 2kcq
downloaded 2kct
downloaded 2kd1
downloaded 2kd2
downloaded 2kdb
downloaded 2kdi
downloaded 2kdo
downloaded 2kdp
downloaded 2kdx
downloaded 2kel
downloaded 2kfd
downloaded 2kg2
downloaded 2kg4
downloaded 2kgs
downloaded 2khc
downloaded 2khk
downloaded 2khm
downloaded 2kie
downloaded 2kin
downloaded 2kiw
downloaded 2kj8
downloaded 2kjg
downloaded 2kjp
downloaded 2kjx
downloaded 2kjy
downloaded 2kjz
downloaded 2kk7
downloaded 2kkm
downloaded 2kkr
downloaded 2kkt
downloaded 2kku
downloaded 2kkx
downloaded 2kl5
downloaded 2klb
downloaded 2kld
downloaded 2kln
downloaded 2klo
downloaded 2klq
downloaded 2klt
downloaded 2kmc
downloaded 2kms
downloaded 2kmu
downloaded 2kmx
downloaded 2kn8
downloaded 2kna
downloaded 2knq
downloaded 2knr
downloaded 2kon
downloaded 2kp6
downloaded 2kpi
downloaded 2kpm
downloaded 2kpq
downloaded 2kpt
downloaded 2kpw
downloaded 2kpy
downloaded 2kq1
downloaded 2kq5
downloaded 2kq8
downloaded 2kqr
downloaded 2kr0
downloaded 2kr4
downloaded 2kr6
downloaded 2kr7
downloaded 2kra
downloaded 2krh
downloaded 2krt
downloaded 2ksl
downloaded 2kss
downloaded 2ksw
downloaded 2kt0
downloaded 2kt2
downloaded 2kt7
downloaded 2kt8
downloaded 2kt9
downloaded 2kta
downloaded 2kty
downloaded 2kua
downloaded 2kum
downloaded 2kuq
downloaded 2kvc
downloaded 2kvl
downloaded 2kvs
downloaded 2kvt
downloaded 2kw3
downloaded 2kw6
downloaded 2kwb
downloaded 2kx2
downloaded 2kx3
downloaded 2kx7
downloaded 2kxr
downloaded 2kxt
downloaded 2kz6
downloaded 2kzn
downloaded 2kzy
downloaded 2l01
downloaded 2l08
downloaded 2l0b
downloaded 2l0c
downloaded 2l0d
downloaded 2l0y
downloaded 2l1a
downloaded 2l1n
downloaded 2l1s
downloaded 2l1t
downloaded 2l22
downloaded 2l23
downloaded 2l25
downloaded 2l2q
downloaded 2l3f
downloaded 2l3l
downloaded 2l3y
downloaded 2l42
downloaded 2l47
downloaded 2l49
downloaded 2l4e
downloaded 2l54
downloaded 2l55
downloaded 2l5a
downloaded 2l5l
downloaded 2l5y
downloaded 2l66
downloaded 2l6o
downloaded 2l6q
downloaded 2l7e
downloaded 2l7k
downloaded 2l81
downloaded 2l83
downloaded 2l8t
downloaded 2l92
downloaded 2l93
downloaded 2l9b
downloaded 2l9j
downloaded 2l9m
downloaded 2la7
downloaded 2lab
downloaded 2lbc
downloaded 2lbf
downloaded 2lc0
downloaded 2lc3
downloaded 2lc4
downloaded 2lcj
downloaded 2lcl
downloaded 2lcq
downloaded 2lcu
downloaded 2ld4
downloaded 2ld7
downloaded 2lez
downloaded 2lf0
downloaded 2lf2
downloaded 2lfe
downloaded 2lfi
downloaded 2lfs
downloaded 2lfu
downloaded 2lfv
downloaded 2lg1
downloaded 2lgh
downloaded 2lgj
downloaded 2lgn
downloaded 2lgv
downloaded 2lhr
downloaded 2lht
downloaded 2lio
downloaded 2lju
downloaded 2lkl
downloaded 2lkn
downloaded 2lkt
downloaded 2ll0
downloaded 2ll3
downloaded 2lle
downloaded 2llk
downloaded 2llv
downloaded 2llz
downloaded 2lm4
downloaded 2lmk
downloaded 2ln3
downloaded 2lnm
downloaded 2lnu
downloaded 2lnz
downloaded 2lo0
downloaded 2lon
downloaded 2loo
downloaded 2loq
downloaded 2lor
downloaded 2los
downloaded 2lot
downloaded 2lp7
downloaded 2lpe
downloaded 2lpf
downloaded 2lpu
downloaded 2lq3
downloaded 2lq9
downloaded 2lqg
downloaded 2lqi
downloaded 2lqj
downloaded 2lql
downloaded 2lqo
downloaded 2lqv
downloaded 2lr4
downloaded 2lrd
downloaded 2lri
downloaded 2ls0
downloaded 2ls6
downloaded 2lsm
downloaded 2lt4
downloaded 2ltb
downloaded 2ltm
downloaded 2ltu
downloaded 2lu1
downloaded 2lu2
downloaded 2luy
downloaded 2lva
downloaded 2lvb
downloaded 2lvv
downloaded 2lw5
downloaded 2lw9
downloaded 2lwx
downloaded 2lwy
downloaded 2lxr
downloaded 2ly1
downloaded 2ly7
downloaded 2lyy
downloaded 2lz0
downloaded 2lzf
downloaded 2lzr
downloaded 2lzu
downloaded 2m13
downloaded 2m1h
downloaded 2m1s
downloaded 2m1x
downloaded 2m1z
downloaded 2m20
downloaded 2m2b
downloaded 2m2f
downloaded 2m2l
downloaded 2m3d
downloaded 2m3e
downloaded 2m3l
downloaded 2m3x
downloaded 2m4g
downloaded 2m4i
downloaded 2m4l
downloaded 2m4m
downloaded 2m4n
downloaded 2m4v
downloaded 2m5j
downloaded 2m63
downloaded 2m64
downloaded 2m68
downloaded 2m6u
downloaded 2m74
downloaded 2m76
downloaded 2m7a
downloaded 2m7f
downloaded 2m7l
downloaded 2m87
downloaded 2m8e
downloaded 2m9a
downloaded 2m9v
downloaded 2mb9
downloaded 2mbl
downloaded 2mc5
downloaded 2mcf
downloaded 2mcq
downloaded 2mdi
downloaded 2mdr
downloaded 2mf9
downloaded 2mgx
downloaded 2mh8
downloaded 2mh9
downloaded 2mhg
downloaded 2mhh
downloaded 2mhk
downloaded 2mi6
downloaded 2miq
downloaded 2miu
downloaded 2mj6
downloaded 2mj7
downloaded 2mk5
downloaded 2mkv
downloaded 2mky
downloaded 2mlg
downloaded 2mm2
downloaded 2mm4
downloaded 2mmp
downloaded 2mn5
downloaded 2mob
downloaded 2mog
downloaded 2mq8
downloaded 2mq9
downloaded 2mrl
downloaded 2mrp
downloaded 2mtc
downloaded 2mut
downloaded 2mxd
downloaded 2mz0
downloaded 2mzb
downloaded 2mzj
downloaded 2n00
downloaded 2n17
downloaded 2n1h
downloaded 2n2z
downloaded 2n3e
downloaded 2n3g
downloaded 2n50
downloaded 2n71
downloaded 2n74
downloaded 2nac
downloaded 2ncn
downloaded 2nlu
downloaded 2nn4
downloaded 2nog
downloaded 2npb
downloaded 2npl
downloaded 2nps
downloaded 2nrt
downloaded 2nsf
downloaded 2nte
downloaded 2ntt
downloaded 2nwi
downloaded 2nwm
downloaded 2nx2
downloaded 2nx4
downloaded 2nx8
downloaded 2nxv
downloaded 2o0j
downloaded 2o5v
downloaded 2o70
downloaded 2o71
downloaded 2o72
downloaded 2o8l
downloaded 2odf
downloaded 2ofs
downloaded 2ohw
downloaded 2oj5
downloaded 2oj6
downloaded 2okq
downloaded 2okt
downloaded 2ol8
downloaded 2omd
downloaded 2oo2
downloaded 2oo4
downloaded 2oqb
downloaded 2or2
downloaded 2ot2
downloaded 2out
downloaded 2owa
downloaded 2ox6
downloaded 2oxg
downloaded 2oy8
downloaded 2ozn
downloaded 2p08
downloaded 2p1j
downloaded 2p4z
downloaded 2p62
downloaded 2p65
downloaded 2p6w
downloaded 2p84
downloaded 2p90
downloaded 2phc
downloaded 2pju
downloaded 2pkd
downloaded 2plc
downloaded 2plq
downloaded 2pok
downloaded 2pp4
downloaded 2psd
downloaded 2psp
downloaded 2pt7
downloaded 2ptt
downloaded 2pvp
downloaded 2pwy
downloaded 2pyg
downloaded 2pzh
downloaded 2q01
downloaded 2q0x
downloaded 2q1z
downloaded 2q73
downloaded 2q9t
downloaded 2qbu
downloaded 2qc5
downloaded 2qcy
downloaded 2qdl
downloaded 2qen
downloaded 2qf4
downloaded 2qih
downloaded 2qj6
downloaded 2qlc
downloaded 2qps
downloaded 2qv5
downloaded 2qv6
downloaded 2qw7
downloaded 2qyz
downloaded 2r18
downloaded 2r3z
downloaded 2r5u
downloaded 2r6u
downloaded 2r9u
downloaded 2ra1
downloaded 2rb9
downloaded 2rbh
downloaded 2rbl
downloaded 2rcz
downloaded 2res
downloaded 2rg4
downloaded 2rh3
downloaded 2riq
downloaded 2rji
downloaded 2rjz
downloaded 2rms
downloaded 2rn7
downloaded 2rn9
downloaded 2rng
downloaded 2roh
downloaded 2row
downloaded 2rp4
downloaded 2rq7
downloaded 2rql
downloaded 2rqm
downloaded 2rqp
downloaded 2rqr
downloaded 2rqx
downloaded 2rqy
downloaded 2rre
downloaded 2rrl
downloaded 2rru
downloaded 2rs7
downloaded 2rsi
downloaded 2rso
downloaded 2rsv
downloaded 2rsx
downloaded 2rt6
downloaded 2rud
downloaded 2ruh
downloaded 2tmp
downloaded 2uux
downloaded 2uvg
downloaded 2uvp
downloaded 2uwq
downloaded 2uy6
downloaded 2uz5
downloaded 2v0r
downloaded 2v2g
downloaded 2v3a
downloaded 2v6z
downloaded 2v7n
downloaded 2v8s
downloaded 2vac
downloaded 2vap
downloaded 2vfb
downloaded 2vfk
downloaded 2vfr
downloaded 2vge
downloaded 2vh7
downloaded 2vkl
downloaded 2vkw
downloaded 2vn5
downloaded 2vn8
downloaded 2vo8
downloaded 2vq8
downloaded 2vrd
downloaded 2vre
downloaded 2vrs
downloaded 2vtw
downloaded 2vun
downloaded 2vve
downloaded 2vvf
downloaded 2vws
downloaded 2vxd
downloaded 2vyr
downloaded 2w0g
downloaded 2w0i
downloaded 2w0n
downloaded 2w1k
downloaded 2w38
downloaded 2w43
downloaded 2w5q
downloaded 2wac
downloaded 2wb6
downloaded 2wbm
downloaded 2wbn
downloaded 2wbr
downloaded 2wcw
downloaded 2wcy
downloaded 2wdo
downloaded 2wg5
downloaded 2wl8
downloaded 2wlv
downloaded 2wmm
downloaded 2woc
downloaded 2wp7
downloaded 2wqi
downloaded 2wrz
downloaded 2wtp
downloaded 2wua
downloaded 2wuj
downloaded 2wvo
downloaded 2wwe
downloaded 2wx3
downloaded 2wzo
downloaded 2x0c
downloaded 2x1c
downloaded 2x26
downloaded 2x3m
downloaded 2x43
downloaded 2x5c
downloaded 2x7r
downloaded 2x8n
downloaded 2x8r
downloaded 2x98
downloaded 2xcj
downloaded 2xdj
downloaded 2xdp
downloaded 2xed
downloaded 2xev
downloaded 2xhg
downloaded 2xi5
downloaded 2xjp
downloaded 2xjv
downloaded 2xom
downloaded 2xqh
downloaded 2xtq
downloaded 2xv9
downloaded 2xvo
downloaded 2xws
downloaded 2xz2
downloaded 2y2z
downloaded 2y43
downloaded 2y4k
downloaded 2y5p
downloaded 2y6x
downloaded 2y7e
downloaded 2yf2
downloaded 2yil
downloaded 2ylk
downloaded 2ynq
downloaded 2yo2
downloaded 2yo3
downloaded 2yq1
downloaded 2yqp
downloaded 2yqr
downloaded 2yrb
downloaded 2yre
downloaded 2yrt
downloaded 2ys4
downloaded 2ysk
downloaded 2ysr
downloaded 2yu0
downloaded 2yuc
downloaded 2yug
downloaded 2yuy
downloaded 2yv9
downloaded 2yvr
downloaded 2yvs
downloaded 2yy0
downloaded 2yys
downloaded 2yyy
downloaded 2yz0
downloaded 2yzt
downloaded 2z39
downloaded 2z58
downloaded 2z8f
downloaded 2z99
downloaded 2zez
downloaded 2zgc
downloaded 2zgs
downloaded 2zgy
downloaded 2zl1
downloaded 2zqe
downloaded 2zrr
downloaded 2zvy
downloaded 2zyr
downloaded 2zyz
downloaded 2zzj
downloaded 3a2e
downloaded 3a3d
downloaded 3a4u
downloaded 3a54
downloaded 3a57
downloaded 3a5p
downloaded 3a6h
downloaded 3a8r
downloaded 3a9l
downloaded 3abi
downloaded 3ach
downloaded 3ajv
downloaded 3alj
downloaded 3apq
downloaded 3aqb
downloaded 3as8
downloaded 3ayh
downloaded 3ayv
downloaded 3b0d
downloaded 3b0z
downloaded 3b21
downloaded 3b5k
downloaded 3b5n
downloaded 3b9o
downloaded 3ba1
downloaded 3bal
downloaded 3bd1
downloaded 3bes
downloaded 3bgy
downloaded 3bii
downloaded 3bmb
downloaded 3bmz
downloaded 3bp6
downloaded 3bpq
downloaded 3bpv
downloaded 3bqw
downloaded 3bt4
downloaded 3bvf
downloaded 3by6
downloaded 3by8
downloaded 3c19
downloaded 3c1o
downloaded 3c57
downloaded 3c6f
downloaded 3c7a
downloaded 3c7u
downloaded 3c7v
downloaded 3ca8
downloaded 3cai
downloaded 3cax
downloaded 3ce7
downloaded 3cjp
downloaded 3cnj
downloaded 3cnq
downloaded 3cnu
downloaded 3cp7
downloaded 3ct5
downloaded 3cwv
downloaded 3cyj
downloaded 3d19
downloaded 3d2b
downloaded 3d55
downloaded 3d5l
downloaded 3d9x
downloaded 3da5
downloaded 3deo
downloaded 3dfg
downloaded 3dgt
downloaded 3dkm
downloaded 3dmg
downloaded 3dp7
downloaded 3dsh
downloaded 3du1
downloaded 3dxy
downloaded 3e13
downloaded 3e3v
downloaded 3e4g
downloaded 3e59
downloaded 3e6z
downloaded 3e7l
downloaded 3e9t
downloaded 3eab
downloaded 3ec1
downloaded 3edv
downloaded 3efg
downloaded 3egn
downloaded 3ego
downloaded 3eik
downloaded 3eip
downloaded 3ej3
downloaded 3ej9
downloaded 3eja
downloaded 3ejj
downloaded 3en0
downloaded 3enu
downloaded 3epe
downloaded 3eq5
downloaded 3er6
downloaded 3erj
downloaded 3erv
downloaded 3esi
downloaded 3et4
downloaded 3eth
downloaded 3eto
downloaded 3evs
downloaded 3evt
downloaded 3evy
downloaded 3ewk
downloaded 3eye
downloaded 3eyp
downloaded 3f0y
downloaded 3f1i
downloaded 3f2e
downloaded 3f4t
downloaded 3f84
downloaded 3fak
downloaded 3fav
downloaded 3fb9
downloaded 3ffv
downloaded 3fg2
downloaded 3fhk
downloaded 3fi7
downloaded 3fk5
downloaded 3fld
downloaded 3flp
downloaded 3fo8
downloaded 3fpr
downloaded 3frr
downloaded 3fv6
downloaded 3fvv
downloaded 3fvz
downloaded 3fwb
downloaded 3fx7
downloaded 3fxd
downloaded 3fxt
downloaded 3g2b
downloaded 3g5l
downloaded 3g80
downloaded 3g8k
downloaded 3g8q
downloaded 3g9g
downloaded 3ga4
downloaded 3gdc
downloaded 3ggm
downloaded 3ghf
downloaded 3gir
downloaded 3gld
downloaded 3glv
downloaded 3gmf
downloaded 3gmg
downloaded 3gmi
downloaded 3gms
downloaded 3gn3
downloaded 3gne
downloaded 3goe
downloaded 3gqh
downloaded 3gr0
downloaded 3grh
downloaded 3gs3
downloaded 3guu
downloaded 3gv3
downloaded 3gwi
downloaded 3gwl
downloaded 3h04
downloaded 3h5l
downloaded 3h6q
downloaded 3h7h
downloaded 3h7i
downloaded 3h7o
downloaded 3h7x
downloaded 3hc7
downloaded 3hg7
downloaded 3hh2
downloaded 3hi2
downloaded 3hin
downloaded 3hjl
downloaded 3hn2
downloaded 3ho7
downloaded 3hr0
downloaded 3hr4
downloaded 3hs3
downloaded 3hsh
downloaded 3htk
downloaded 3hug
downloaded 3i1c
downloaded 3i24
downloaded 3i9x
downloaded 3ib6
downloaded 3idw
downloaded 3ie4
downloaded 3ifu
downloaded 3igh
downloaded 3ihm
downloaded 3ii6
downloaded 3ikv
downloaded 3ils
downloaded 3im1
downloaded 3imo
downloaded 3io2
downloaded 3ipf
downloaded 3ira
downloaded 3irp
downloaded 3it4
downloaded 3iu5
downloaded 3j4u
downloaded 3jci
downloaded 3jsb
downloaded 3jtn
downloaded 3ju2
downloaded 3jv1
downloaded 3jyh
downloaded 3jyo
downloaded 3k1r
downloaded 3k2y
downloaded 3k7d
downloaded 3k7g
downloaded 3k8v
downloaded 3kew
downloaded 3kh8
downloaded 3kjh
downloaded 3klj
downloaded 3klq
downloaded 3knv
downloaded 3kot
downloaded 3kqg
downloaded 3kr9
downloaded 3krt
downloaded 3ksv
downloaded 3kz3
downloaded 3kz5
downloaded 3kzj
downloaded 3l07
downloaded 3l27
downloaded 3l39
downloaded 3l4q
downloaded 3l5k
downloaded 3l9a
downloaded 3l9b
downloaded 3l9f
downloaded 3l9z
downloaded 3lcz
downloaded 3let
downloaded 3lid
downloaded 3lrt
downloaded 3ls9
downloaded 3lxr
downloaded 3ly7
downloaded 3m03
downloaded 3m20
downloaded 3m6w
downloaded 3m7g
downloaded 3m9q
downloaded 3mb2
downloaded 3me8
downloaded 3mhx
downloaded 3mil
downloaded 3mog
downloaded 3mq2
downloaded 3mts
downloaded 3mzi
downloaded 3n01
downloaded 3n28
downloaded 3n3f
downloaded 3n4j
downloaded 3n7t
downloaded 3n99
downloaded 3n9k
downloaded 3na7
downloaded 3ngk
downloaded 3ni8
downloaded 3nis
downloaded 3nq0
downloaded 3nut
downloaded 3nz3
downloaded 3o2l
downloaded 3o2p
downloaded 3o2u
downloaded 3o48
downloaded 3o8j
downloaded 3oei
downloaded 3ofk
downloaded 3og9
downloaded 3ok8
downloaded 3ol4
downloaded 3on9
downloaded 3oo7
downloaded 3oo8
downloaded 3opu
downloaded 3ost
downloaded 3ov5
downloaded 3oy2
downloaded 3p2n
downloaded 3p4g
downloaded 3p7j
downloaded 3p90
downloaded 3p9a
downloaded 3pf2
downloaded 3pfs
downloaded 3pg6
downloaded 3ph9
downloaded 3phs
downloaded 3pjp
downloaded 3plw
downloaded 3pmc
downloaded 3pqh
downloaded 3pqj
downloaded 3pr9
downloaded 3prb
downloaded 3pub
downloaded 3pwe
downloaded 3pwf
downloaded 3pz0
downloaded 3q10
downloaded 3q13
downloaded 3q7y
downloaded 3q9l
downloaded 3qae
downloaded 3qau
downloaded 3qav
downloaded 3qb8
downloaded 3qc7
downloaded 3qfm
downloaded 3qhb
downloaded 3qhp
downloaded 3qka
downloaded 3qmq
downloaded 3qn0
downloaded 3qq8
downloaded 3qtg
downloaded 3qvs
downloaded 3qwb
downloaded 3qwp
downloaded 3qy7
downloaded 3qye
downloaded 3r0e
downloaded 3r5e
downloaded 3r96
downloaded 3rby
downloaded 3rfe
downloaded 3rfw
downloaded 3rfx
downloaded 3rg8
downloaded 3rio
downloaded 3rj2
downloaded 3rkg
downloaded 3rnv
downloaded 3ron
downloaded 3rq9
downloaded 3rwn
downloaded 3rzu
downloaded 3s0y
downloaded 3s5f
downloaded 3sft
downloaded 3sk1
downloaded 3sl9
downloaded 3sny
downloaded 3sso
downloaded 3sul
downloaded 3t46
downloaded 3t49
downloaded 3t57
downloaded 3t5x
downloaded 3t7a
downloaded 3t7z
downloaded 3tbd
downloaded 3tdg
downloaded 3tdn
downloaded 3te8
downloaded 3tek
downloaded 3thg
downloaded 3tjl
downloaded 3tlq
downloaded 3tp3
downloaded 3tt9
downloaded 3tuo
downloaded 3tyt
downloaded 3u0v
downloaded 3u3b
downloaded 3u4z
downloaded 3u64
downloaded 3ud1
downloaded 3ufe
downloaded 3uit
downloaded 3ulq
downloaded 3umg
downloaded 3uo3
downloaded 3uor
downloaded 3urr
downloaded 3ut4
downloaded 3uue
downloaded 3uum
downloaded 3uv0
downloaded 3uv5
downloaded 3ux3
downloaded 3v69
downloaded 3v7o
downloaded 3vay
downloaded 3vb0
downloaded 3vba
downloaded 3vdp
downloaded 3vep
downloaded 3vh5
downloaded 3vho
downloaded 3vk6
downloaded 3vkw
downloaded 3vnx
downloaded 3vny
downloaded 3vop
downloaded 3vpb
downloaded 3vpz
downloaded 3vqj
downloaded 3vs8
downloaded 3vse
downloaded 3vto
downloaded 3vwc
downloaded 3vwo
downloaded 3vyn
downloaded 3vz2
downloaded 3w0e
downloaded 3w42
downloaded 3w5h
downloaded 3w6b
downloaded 3wa1
downloaded 3wa6
downloaded 3wis
downloaded 3wla
downloaded 3wnz
downloaded 3wp8
downloaded 3wsu
downloaded 3wvt
downloaded 3wwt
downloaded 3wx4
downloaded 3wxy
downloaded 3wy8
downloaded 3wz2
downloaded 3x0e
downloaded 3x0u
downloaded 3zdm
downloaded 3zgh
downloaded 3zh9
downloaded 3zih
downloaded 3ziz
downloaded 3zj0
downloaded 3zl8
downloaded 3zoq
downloaded 3zpj
downloaded 3zpp
downloaded 3zsu
downloaded 3zvq
downloaded 3zvs
downloaded 3zw5
downloaded 3zx1
downloaded 3zyl
downloaded 3zyp
downloaded 3zyw
downloaded 4a1f
downloaded 4a1r
downloaded 4a35
downloaded 4a37
downloaded 4a3s
downloaded 4a53
downloaded 4a60
downloaded 4abm
downloaded 4abx
downloaded 4af1
downloaded 4alz
downloaded 4ann
downloaded 4apx
downloaded 4aqr
downloaded 4arn
downloaded 4asm
downloaded 4avr
downloaded 4awd
downloaded 4axp
downloaded 4axz
downloaded 4azz
downloaded 4b28
downloaded 4b6g
downloaded 4b6x
downloaded 4b8v
downloaded 4b94
downloaded 4bbq
downloaded 4bcu
downloaded 4bfc
downloaded 4bg7
downloaded 4bgo
downloaded 4bi3
downloaded 4bi4
downloaded 4bjs
downloaded 4bk0
downloaded 4bmd
downloaded 4bou
downloaded 4bqn
downloaded 4br4
downloaded 4bvq
downloaded 4bwh
downloaded 4bxj
downloaded 4bxp
downloaded 4c23
downloaded 4c26
downloaded 4c6s
downloaded 4ca9
downloaded 4ccj
downloaded 4ccs
downloaded 4chd
downloaded 4cpg
downloaded 4cq4
downloaded 4cqi
downloaded 4crp
downloaded 4crw
downloaded 4cu5
downloaded 4cu9
downloaded 4cvn
downloaded 4cvp
downloaded 4d4e
downloaded 4d53
downloaded 4d70
downloaded 4d7x
downloaded 4da2
downloaded 4ddd
downloaded 4df3
downloaded 4dh2
downloaded 4dhi
downloaded 4dhx
downloaded 4di1
downloaded 4djg
downloaded 4dka
downloaded 4dkc
downloaded 4dkw
downloaded 4dl9
downloaded 4dm4
downloaded 4dmg
downloaded 4dns
downloaded 4dnx
downloaded 4dt5
downloaded 4du6
downloaded 4dxf
downloaded 4dzz
downloaded 4e1p
downloaded 4e1y
downloaded 4e4j
downloaded 4e5n
downloaded 4e6s
downloaded 4e9x
downloaded 4eac
downloaded 4efo
downloaded 4eib
downloaded 4ejq
downloaded 4ejr
downloaded 4ekj
downloaded 4emi
downloaded 4ep4
downloaded 4ern
downloaded 4es8
downloaded 4esw
downloaded 4eun
downloaded 4evf
downloaded 4f0l
downloaded 4f0q
downloaded 4f55
downloaded 4f85
downloaded 4fbr
downloaded 4fcc
downloaded 4fch
downloaded 4fd4
downloaded 4fd7
downloaded 4fei
downloaded 4fhr
downloaded 4fmv
downloaded 4fpr
downloaded 4ftx
downloaded 4fz2
downloaded 4g08
downloaded 4g2s
downloaded 4g4g
downloaded 4g6d
downloaded 4g6t
downloaded 4g78
downloaded 4g7n
downloaded 4gaf
downloaded 4gc3
downloaded 4gcn
downloaded 4gco
downloaded 4geh
downloaded 4gh9
downloaded 4gi3
downloaded 4gip
downloaded 4gkf
downloaded 4gn1
downloaded 4gr6
downloaded 4gvb
downloaded 4gvp
downloaded 4gyt
downloaded 4h14
downloaded 4h4n
downloaded 4h7w
downloaded 4h9q
downloaded 4hce
downloaded 4hdj
downloaded 4heh
downloaded 4hj1
downloaded 4hjz
downloaded 4hpl
downloaded 4hq1
downloaded 4hqn
downloaded 4hr3
downloaded 4hs2
downloaded 4hs5
downloaded 4i0x
downloaded 4i1k
downloaded 4i1l
downloaded 4i3m
downloaded 4i3y
downloaded 4i4n
downloaded 4i4q
downloaded 4i69
downloaded 4i6u
downloaded 4i6x
downloaded 4i86
downloaded 4ic9
downloaded 4iej
downloaded 4ihb
downloaded 4il7
downloaded 4inc
downloaded 4ino
downloaded 4ipa
downloaded 4ipg
downloaded 4iv0
downloaded 4iwb
downloaded 4ix3
downloaded 4iyl
downloaded 4j27
downloaded 4j8z
downloaded 4jb1
downloaded 4jb3
downloaded 4je3
downloaded 4jg2
downloaded 4jgs
downloaded 4jix
downloaded 4jk8
downloaded 4jle
downloaded 4jon
downloaded 4jpn
downloaded 4jq9
downloaded 4jri
downloaded 4jxj
downloaded 4jxk
downloaded 4jz8
downloaded 4jzs
downloaded 4k12
downloaded 4k7b
downloaded 4k7j
downloaded 4k8w
downloaded 4kc7
downloaded 4ke2
downloaded 4kep
downloaded 4kmc
downloaded 4koa
downloaded 4kv2
downloaded 4l0r
downloaded 4l4q
downloaded 4l7q
downloaded 4l9d
downloaded 4l9e
downloaded 4l9u
downloaded 4la2
downloaded 4ldr
downloaded 4le3
downloaded 4le7
downloaded 4leu
downloaded 4lmo
downloaded 4lrk
downloaded 4lsb
downloaded 4lsc
downloaded 4ltt
downloaded 4lzi
downloaded 4m1x
downloaded 4m37
downloaded 4m6r
downloaded 4m98
downloaded 4mak
downloaded 4mfi
downloaded 4mhv
downloaded 4mit
downloaded 4ml1
downloaded 4mo0
downloaded 4mzy
downloaded 4n0t
downloaded 4n1i
downloaded 4n30
downloaded 4n4u
downloaded 4n6v
downloaded 4n8n
downloaded 4nc6
downloaded 4nn2
downloaded 4ntc
downloaded 4nx0
downloaded 4nz1
downloaded 4o89
downloaded 4o8b
downloaded 4od8
downloaded 4ofq
downloaded 4ohc
downloaded 4ohj
downloaded 4ols
downloaded 4owz
downloaded 4oxr
downloaded 4oy7
downloaded 4ozu
downloaded 4ozx
downloaded 4p1z
downloaded 4pdc
downloaded 4ph8
downloaded 4pm4
downloaded 4pp8
downloaded 4pqd
downloaded 4pqq
downloaded 4pv4
downloaded 4pvk
downloaded 4pyt
downloaded 4q1h
downloaded 4q5w
downloaded 4q9v
downloaded 4qas
downloaded 4qbn
downloaded 4qjf
downloaded 4qkh
downloaded 4qlo
downloaded 4qtu
downloaded 4qxa
downloaded 4r27
downloaded 4r60
downloaded 4r6h
downloaded 4r6y
downloaded 4r9i
downloaded 4r9p
downloaded 4ri1
downloaded 4rpf
downloaded 4rr5
downloaded 4s1v
downloaded 4tjv
downloaded 4tps
downloaded 4tvo
downloaded 4tvs
downloaded 4tx1
downloaded 4txw
downloaded 4tyz
downloaded 4u19
downloaded 4u5h
downloaded 4u6n
downloaded 4uav
downloaded 4ub9
downloaded 4uej
downloaded 4uqf
downloaded 4uqx
downloaded 4ur7
downloaded 4uuw
downloaded 4uyi
downloaded 4uzz
downloaded 4w6y
downloaded 4wcj
downloaded 4we6
downloaded 4wfq
downloaded 4wi0
downloaded 4wl2
downloaded 4wpk
downloaded 4wqk
downloaded 4wvz
downloaded 4wy4
downloaded 4x90
downloaded 4xih
downloaded 4xij
downloaded 4xrt
downloaded 4xuo
downloaded 4yba
downloaded 4yn0
downloaded 4ysh
downloaded 4yt2
downloaded 4yvo
downloaded 4z0m
downloaded 4z2a
downloaded 4z4j
downloaded 4z9c
downloaded 4zcn
downloaded 4zd6
downloaded 4zds
downloaded 4ze8
downloaded 4zi5
downloaded 4zn3
downloaded 4zov
downloaded 4zqu
downloaded 4zrz
downloaded 4zy7
downloaded 5a0d
downloaded 5a0l
downloaded 5a1m
downloaded 5a1n
downloaded 5a7l
downloaded 5anp
downloaded 5ayc
downloaded 5b0h
downloaded 5b1o
downloaded 5b3k
downloaded 5bmo
downloaded 5bow
downloaded 5bpx
downloaded 5by7
downloaded 5c2m
downloaded 5c8q
downloaded 5cgz
downloaded 5cmb
downloaded 5cr4
downloaded 5csr
downloaded 5cyf
downloaded 5czc
downloaded 5czn
downloaded 5d6o
downloaded 5dae
downloaded 5dka
downloaded 5dvi
downloaded 5e10
downloaded 5e1v
downloaded 5e6t
downloaded 5e99
downloaded 5ecw
downloaded 5egj
downloaded 5f44
downloaded 5f4c
downloaded 5f4j
downloaded 5f8s
downloaded 5fmt
downloaded 5g5e
downloaded 5g6r
downloaded 5giz
downloaded 5gkx
downloaded 5gv0
downloaded 5gvy
downloaded 5gy3
downloaded 5gz3
downloaded 5h3x
downloaded 5h7r
downloaded 5h83
downloaded 5hee
downloaded 5hh1
downloaded 5i0y
downloaded 5i4z
downloaded 5i78
downloaded 5ieb
downloaded 5ihb
downloaded 5ilb
downloaded 5ipy
downloaded 5irb
downloaded 5it3
downloaded 5iwh
downloaded 5j1d
downloaded 5j1g
downloaded 5j7e
downloaded 5jci
downloaded 5jia
downloaded 5jw8
downloaded 5jzh
downloaded 5k8c
downloaded 5kay
downloaded 5kol
downloaded 5l9s
downloaded 5lg5
downloaded 5loa
downloaded 5loz
downloaded 5lw5
downloaded 5lzk
downloaded 5m0y
downloaded 5m1p
downloaded 5m2r
downloaded 5mfd
downloaded 5mll
downloaded 5mr6
downloaded 5n2i
downloaded 5n5f
downloaded 5nh3
downloaded 5nnl
downloaded 5o2c
downloaded 5ocr
downloaded 5sic
downloaded 5svh
downloaded 5swu
downloaded 5t17
downloaded 5t3e
downloaded 5thx
downloaded 5tnv
downloaded 5tpr
downloaded 5ts9
downloaded 5ttj
downloaded 5tuu
downloaded 5um2
downloaded 5ums
downloaded 5ur7
downloaded 5utg
downloaded 5ux1
downloaded 5uzh
downloaded 5v00
downloaded 5v6f
downloaded 5v89
downloaded 5vaz
downloaded 5vjc
downloaded 5w7w
downloaded 5w8m
downloaded 5wkw
downloaded 5ww9
downloaded 5x0f
downloaded 5x6a
downloaded 5xao
downloaded 5xd0
downloaded 5xm5
downloaded 5xo1
downloaded 5xop
downloaded 5xrj
downloaded 5xrw
downloaded 5xux
downloaded 5y3e
downloaded 5y6t
downloaded 5ylh
downloaded 5ynr
downloaded 5yq8
downloaded 5yxt
downloaded 5z0x
downloaded 5z2m
downloaded 5zh6
downloaded 6a02
downloaded 6a7k
downloaded 6akv
downloaded 6aqz
downloaded 6b6i
downloaded 6bbw
downloaded 6bom
downloaded 6c00
downloaded 6c1z
downloaded 6d2k
downloaded 6d4k
downloaded 6dll
downloaded 6ebq
downloaded 6er1
downloaded 6fho
downloaded 6fri
downloaded 6fyf
downloaded 6h0q
downloaded 6hq0
downloaded 6ig5
downloaded 6j3g
downloaded 6m9y
downloaded 6n1m
downloaded 6nrr
downloaded 6r8k
